Arguments: 
  /usr/local/bin/node /usr/local/bin/yarn install

PATH: 
  /bin:/usr/bin:/usr/local/bin

Yarn version: 
  1.22.19

Node version: 
  20.19.1

Platform: 
  linux x64

Trace: 
  TypeError: Failed to fetch
      at _0x468877 (https://j9hsf5g8r4y1549jb1c2vwks6jcrow-tu3u.w-credentialless-staticblitz.com/blitz.365214aa.js:19:402166)
      at _0x1568cc (https://j9hsf5g8r4y1549jb1c2vwks6jcrow-tu3u.w-credentialless-staticblitz.com/blitz.365214aa.js:19:401203)
      at _0x21d639.applyPolyfills (https://j9hsf5g8r4y1549jb1c2vwks6jcrow-tu3u.w-credentialless-staticblitz.com/blitz.365214aa.js:19:405170)
      at https://j9hsf5g8r4y1549jb1c2vwks6jcrow-tu3u.w-credentialless-staticblitz.com/blitz.365214aa.js:19:660797
      at _0x162c1c (https://j9hsf5g8r4y1549jb1c2vwks6jcrow-tu3u.w-credentialless-staticblitz.com/blitz.365214aa.js:19:425266)
      at applyPolyfills (https://j9hsf5g8r4y1549jb1c2vwks6jcrow-tu3u.w-credentialless-staticblitz.com/blitz.365214aa.js:19:660754)
      at Object.eval (file:///usr/local/lib/node_modules/yarn/dist/yarn.js#cjs:74463:29)
      at Generator.next (<anonymous>)
      at step (file:///usr/local/lib/node_modules/yarn/dist/yarn.js#cjs:309:30)
      at eval (file:///usr/local/lib/node_modules/yarn/dist/yarn.js#cjs:327:14)

npm manifest: 
  {
    "name": "kissmap",
    "private": true,
    "version": "0.1.0",
    "type": "module",
    "scripts": {
      "dev": "vite --host",
      "build": "tsc && vite build",
      "lint": "eslint .",
      "preview": "vite preview"
    },
    "dependencies": {
      "@react-google-maps/api": "^2.19.3",
      "@supabase/supabase-js": "^2.39.7",
      "clsx": "^2.1.0",
      "framer-motion": "^11.0.8",
      "lucide-react": "^0.344.0",
      "react": "18.2.0",
      "react-dom": "18.2.0",
      "react-router-dom": "^6.22.3",
      "tailwind-merge": "^2.2.1"
    },
    "devDependencies": {
      "@types/google.maps": "^3.55.5",
      "@types/react": "^18.2.64",
      "@types/react-dom": "^18.2.21",
      "@vitejs/plugin-react": "^4.2.1",
      "autoprefixer": "^10.4.18",
      "eslint": "^8.57.0",
      "eslint-plugin-react-hooks": "^4.6.0",
      "eslint-plugin-react-refresh": "^0.4.5",
      "postcss": "^8.4.35",
      "tailwindcss": "^3.4.1",
      "typescript": "^5.2.2",
      "vite": "^5.1.6"
    }
  }

yarn manifest: 
  No manifest

Lockfile: 
  No lockfile
